\BOOKMARK [0][-]{chapter.1}{\376\377\000C\000l\000a\000s\000s\000\040\000I\000n\000d\000e\000x}{}% 1
\BOOKMARK [1][-]{section.1.1}{\376\377\000C\000l\000a\000s\000s\000\040\000L\000i\000s\000t}{chapter.1}% 2
\BOOKMARK [0][-]{chapter.2}{\376\377\000F\000i\000l\000e\000\040\000I\000n\000d\000e\000x}{}% 3
\BOOKMARK [1][-]{section.2.1}{\376\377\000F\000i\000l\000e\000\040\000L\000i\000s\000t}{chapter.2}% 4
\BOOKMARK [0][-]{chapter.3}{\376\377\000C\000l\000a\000s\000s\000\040\000D\000o\000c\000u\000m\000e\000n\000t\000a\000t\000i\000o\000n}{}% 5
\BOOKMARK [1][-]{section.3.1}{\376\377\000C\000P\000U\000\040\000C\000l\000a\000s\000s\000\040\000R\000e\000f\000e\000r\000e\000n\000c\000e}{chapter.3}% 6
\BOOKMARK [2][-]{subsection.3.1.1}{\376\377\000C\000o\000n\000s\000t\000r\000u\000c\000t\000o\000r\000\040\000\046\000\040\000D\000e\000s\000t\000r\000u\000c\000t\000o\000r\000\040\000D\000o\000c\000u\000m\000e\000n\000t\000a\000t\000i\000o\000n}{section.3.1}% 7
\BOOKMARK [3][-]{subsubsection.3.1.1.1}{\376\377\000C\000P\000U}{subsection.3.1.1}% 8
\BOOKMARK [3][-]{subsubsection.3.1.1.2}{\376\377\000C\000P\000U}{subsection.3.1.1}% 9
\BOOKMARK [2][-]{subsection.3.1.2}{\376\377\000M\000e\000m\000b\000e\000r\000\040\000F\000u\000n\000c\000t\000i\000o\000n\000\040\000D\000o\000c\000u\000m\000e\000n\000t\000a\000t\000i\000o\000n}{section.3.1}% 10
\BOOKMARK [3][-]{subsubsection.3.1.2.1}{\376\377\000e\000m\000u\000l\000a\000t\000e\000C\000y\000c\000l\000e}{subsection.3.1.2}% 11
\BOOKMARK [3][-]{subsubsection.3.1.2.2}{\376\377\000g\000e\000t\000D\000r\000a\000w\000F\000l\000a\000g}{subsection.3.1.2}% 12
\BOOKMARK [3][-]{subsubsection.3.1.2.3}{\376\377\000g\000e\000t\000G\000F\000X}{subsection.3.1.2}% 13
\BOOKMARK [3][-]{subsubsection.3.1.2.4}{\376\377\000g\000f\000x}{subsection.3.1.2}% 14
\BOOKMARK [3][-]{subsubsection.3.1.2.5}{\376\377\000i\000n\000i\000t\000a\000l\000i\000z\000e}{subsection.3.1.2}% 15
\BOOKMARK [3][-]{subsubsection.3.1.2.6}{\376\377\000k\000e\000y}{subsection.3.1.2}% 16
\BOOKMARK [3][-]{subsubsection.3.1.2.7}{\376\377\000l\000o\000a\000d\000G\000a\000m\000e}{subsection.3.1.2}% 17
\BOOKMARK [3][-]{subsubsection.3.1.2.8}{\376\377\000m\000e\000m\000o\000r\000y}{subsection.3.1.2}% 18
\BOOKMARK [3][-]{subsubsection.3.1.2.9}{\376\377\000s\000e\000t\000K\000e\000y\000s}{subsection.3.1.2}% 19
\BOOKMARK [3][-]{subsubsection.3.1.2.10}{\376\377\000s\000t\000a\000c\000k}{subsection.3.1.2}% 20
\BOOKMARK [3][-]{subsubsection.3.1.2.11}{\376\377\000V}{subsection.3.1.2}% 21
\BOOKMARK [2][-]{subsection.3.1.3}{\376\377\000M\000e\000m\000b\000e\000r\000\040\000D\000a\000t\000a\000\040\000D\000o\000c\000u\000m\000e\000n\000t\000a\000t\000i\000o\000n}{section.3.1}% 22
\BOOKMARK [3][-]{subsubsection.3.1.3.1}{\376\377\000I}{subsection.3.1.3}% 23
\BOOKMARK [3][-]{subsubsection.3.1.3.2}{\376\377\000o\000p\000c\000o\000d\000e}{subsection.3.1.3}% 24
\BOOKMARK [3][-]{subsubsection.3.1.3.3}{\376\377\000p\000c}{subsection.3.1.3}% 25
\BOOKMARK [3][-]{subsubsection.3.1.3.4}{\376\377\000S\000C\000R\000E\000E\000N\000\137\000H\000E\000I\000G\000H\000T}{subsection.3.1.3}% 26
\BOOKMARK [3][-]{subsubsection.3.1.3.5}{\376\377\000S\000C\000R\000E\000E\000N\000\137\000S\000I\000Z\000E}{subsection.3.1.3}% 27
\BOOKMARK [3][-]{subsubsection.3.1.3.6}{\376\377\000S\000C\000R\000E\000E\000N\000\137\000W\000I\000D\000T\000H}{subsection.3.1.3}% 28
\BOOKMARK [3][-]{subsubsection.3.1.3.7}{\376\377\000s\000p}{subsection.3.1.3}% 29
\BOOKMARK [1][-]{section.3.2}{\376\377\000G\000r\000a\000p\000h\000i\000c\000s\000\040\000C\000l\000a\000s\000s\000\040\000R\000e\000f\000e\000r\000e\000n\000c\000e}{chapter.3}% 30
\BOOKMARK [2][-]{subsection.3.2.1}{\376\377\000C\000o\000n\000s\000t\000r\000u\000c\000t\000o\000r\000\040\000\046\000\040\000D\000e\000s\000t\000r\000u\000c\000t\000o\000r\000\040\000D\000o\000c\000u\000m\000e\000n\000t\000a\000t\000i\000o\000n}{section.3.2}% 31
\BOOKMARK [3][-]{subsubsection.3.2.1.1}{\376\377\000G\000r\000a\000p\000h\000i\000c\000s}{subsection.3.2.1}% 32
\BOOKMARK [3][-]{subsubsection.3.2.1.2}{\376\377\000G\000r\000a\000p\000h\000i\000c\000s}{subsection.3.2.1}% 33
\BOOKMARK [2][-]{subsection.3.2.2}{\376\377\000M\000e\000m\000b\000e\000r\000\040\000F\000u\000n\000c\000t\000i\000o\000n\000\040\000D\000o\000c\000u\000m\000e\000n\000t\000a\000t\000i\000o\000n}{section.3.2}% 34
\BOOKMARK [3][-]{subsubsection.3.2.2.1}{\376\377\000d\000r\000a\000w}{subsection.3.2.2}% 35
\BOOKMARK [3][-]{subsubsection.3.2.2.2}{\376\377\000i\000n\000i\000t\000a\000l\000i\000z\000e}{subsection.3.2.2}% 36
\BOOKMARK [0][-]{chapter.4}{\376\377\000F\000i\000l\000e\000\040\000D\000o\000c\000u\000m\000e\000n\000t\000a\000t\000i\000o\000n}{}% 37
\BOOKMARK [1][-]{section.4.1}{\376\377\000s\000r\000c\000/\000C\000P\000U\000.\000c\000p\000p\000\040\000F\000i\000l\000e\000\040\000R\000e\000f\000e\000r\000e\000n\000c\000e}{chapter.4}% 38
\BOOKMARK [1][-]{section.4.2}{\376\377\000s\000r\000c\000/\000C\000P\000U\000.\000h\000\040\000F\000i\000l\000e\000\040\000R\000e\000f\000e\000r\000e\000n\000c\000e}{chapter.4}% 39
\BOOKMARK [1][-]{section.4.3}{\376\377\000s\000r\000c\000/\000G\000r\000a\000p\000h\000i\000c\000s\000.\000c\000p\000p\000\040\000F\000i\000l\000e\000\040\000R\000e\000f\000e\000r\000e\000n\000c\000e}{chapter.4}% 40
\BOOKMARK [1][-]{section.4.4}{\376\377\000s\000r\000c\000/\000G\000r\000a\000p\000h\000i\000c\000s\000.\000h\000\040\000F\000i\000l\000e\000\040\000R\000e\000f\000e\000r\000e\000n\000c\000e}{chapter.4}% 41
\BOOKMARK [1][-]{section.4.5}{\376\377\000s\000r\000c\000/\000o\000c\000t\000o\000c\000h\000i\000p\0008\000.\000c\000p\000p\000\040\000F\000i\000l\000e\000\040\000R\000e\000f\000e\000r\000e\000n\000c\000e}{chapter.4}% 42
\BOOKMARK [2][-]{subsection.4.5.1}{\376\377\000F\000u\000n\000c\000t\000i\000o\000n\000\040\000D\000o\000c\000u\000m\000e\000n\000t\000a\000t\000i\000o\000n}{section.4.5}% 43
\BOOKMARK [3][-]{subsubsection.4.5.1.1}{\376\377\000m\000a\000i\000n}{subsection.4.5.1}% 44
\BOOKMARK [-1][-]{section*.10}{\376\377\000I\000n\000d\000e\000x}{}% 45
